2025-03-25 09:27:36.579 INFO  com.jiawa.wiki.config.WikiApplication             :53   [32m                  [0;39m Starting WikiApplication using Java 23.0.2 with PID 6292 (/Users/hollton/Documents/imoocBack/java-vue/target/classes started by hollton in /Users/hollton/Documents/imoocBack/java-vue)
2025-03-25 09:27:36.580 INFO  com.jiawa.wiki.config.WikiApplication             :652  [32m                  [0;39m No active profile set, falling back to 1 default profile: "default"
2025-03-25 09:27:36.601 INFO  o.s.b.d.env.DevToolsPropertyDefaultsPostProcessor :252  [32m                  [0;39m Devtools property defaults active! Set 'spring.devtools.add-properties' to 'false' to disable
2025-03-25 09:27:36.601 INFO  o.s.b.d.env.DevToolsPropertyDefaultsPostProcessor :252  [32m                  [0;39m For additional web related logging consider setting the 'logging.level.web' property to 'DEBUG'
2025-03-25 09:27:36.950 INFO  o.s.boot.web.embedded.tomcat.TomcatWebServer      :111  [32m                  [0;39m Tomcat initialized with port 8881 (http)
2025-03-25 09:27:36.955 INFO  org.apache.coyote.http11.Http11NioProtocol        :173  [32m                  [0;39m Initializing ProtocolHandler ["http-nio-8881"]
2025-03-25 09:27:36.955 INFO  org.apache.catalina.core.StandardService          :173  [32m                  [0;39m Starting service [Tomcat]
2025-03-25 09:27:36.956 INFO  org.apache.catalina.core.StandardEngine           :173  [32m                  [0;39m Starting Servlet engine: [Apache Tomcat/10.1.36]
2025-03-25 09:27:36.966 INFO  o.a.c.core.ContainerBase.[Tomcat].[localhost].[/] :173  [32m                  [0;39m Initializing Spring embedded WebApplicationContext
2025-03-25 09:27:36.966 INFO  o.s.b.w.s.c.ServletWebServerApplicationContext    :301  [32m                  [0;39m Root WebApplicationContext: initialization completed in 365 ms
2025-03-25 09:27:37.169 INFO  o.s.b.d.autoconfigure.OptionalLiveReloadServer    :59   [32m                  [0;39m LiveReload server is running on port 35729
2025-03-25 09:27:37.175 INFO  org.apache.coyote.http11.Http11NioProtocol        :173  [32m                  [0;39m Starting ProtocolHandler ["http-nio-8881"]
2025-03-25 09:27:37.181 INFO  o.s.boot.web.embedded.tomcat.TomcatWebServer      :243  [32m                  [0;39m Tomcat started on port 8881 (http) with context path '/'
2025-03-25 09:27:37.185 INFO  com.jiawa.wiki.config.WikiApplication             :59   [32m                  [0;39m Started WikiApplication in 0.785 seconds (process running for 1.024)
2025-03-25 09:27:37.186 INFO  com.jiawa.wiki.config.WikiApplication             :26   [32m                  [0;39m 启动成功！！
2025-03-25 09:27:37.186 INFO  com.jiawa.wiki.config.WikiApplication             :27   [32m                  [0;39m 地址: 	http://127.0.0.1:8881
2025-03-25 09:27:40.041 INFO  o.a.c.core.ContainerBase.[Tomcat].[localhost].[/] :173  [32m                  [0;39m Initializing Spring DispatcherServlet 'dispatcherServlet'
2025-03-25 09:27:40.041 INFO  org.springframework.web.servlet.DispatcherServlet :532  [32m                  [0;39m Initializing Servlet 'dispatcherServlet'
2025-03-25 09:27:40.042 INFO  org.springframework.web.servlet.DispatcherServlet :554  [32m                  [0;39m Completed initialization in 1 ms
2025-03-25 09:27:46.775 INFO  com.zaxxer.hikari.HikariDataSource                :109  [32m                  [0;39m HikariPool-1 - Starting...
2025-03-25 09:27:50.835 ERROR o.a.c.c.C.[.[localhost].[/].[dispatcherServlet]   :175  [32m                  [0;39m Servlet.service() for servlet [dispatcherServlet] in context with path [] threw exception [Request processing failed: org.mybatis.spring.MyBatisSystemException] with root cause
java.net.ConnectException: Connection refused
	at java.base/sun.nio.ch.Net.pollConnect(Native Method)
	at java.base/sun.nio.ch.Net.pollConnectNow(Net.java:682)
	at java.base/sun.nio.ch.NioSocketImpl.timedFinishConnect(NioSocketImpl.java:549)
	at java.base/sun.nio.ch.NioSocketImpl.connect(NioSocketImpl.java:592)
	at java.base/java.net.SocksSocketImpl.connect(SocksSocketImpl.java:327)
	at java.base/java.net.Socket.connect(Socket.java:760)
	at com.mysql.cj.protocol.StandardSocketFactory.connect(StandardSocketFactory.java:153)
	at com.mysql.cj.protocol.a.NativeSocketConnection.connect(NativeSocketConnection.java:63)
	at com.mysql.cj.NativeSession.connect(NativeSession.java:121)
	at com.mysql.cj.jdbc.ConnectionImpl.connectOneTryOnly(ConnectionImpl.java:945)
	at com.mysql.cj.jdbc.ConnectionImpl.createNewIO(ConnectionImpl.java:815)
	at com.mysql.cj.jdbc.ConnectionImpl.<init>(ConnectionImpl.java:446)
	at com.mysql.cj.jdbc.ConnectionImpl.getInstance(ConnectionImpl.java:239)
	at com.mysql.cj.jdbc.NonRegisteringDriver.connect(NonRegisteringDriver.java:188)
	at com.zaxxer.hikari.util.DriverDataSource.getConnection(DriverDataSource.java:137)
	at com.zaxxer.hikari.pool.PoolBase.newConnection(PoolBase.java:360)
	at com.zaxxer.hikari.pool.PoolBase.newPoolEntry(PoolBase.java:202)
	at com.zaxxer.hikari.pool.HikariPool.createPoolEntry(HikariPool.java:461)
	at com.zaxxer.hikari.pool.HikariPool.checkFailFast(HikariPool.java:550)
	at com.zaxxer.hikari.pool.HikariPool.<init>(HikariPool.java:98)
	at com.zaxxer.hikari.HikariDataSource.getConnection(HikariDataSource.java:111)
	at org.springframework.jdbc.datasource.DataSourceUtils.fetchConnection(DataSourceUtils.java:160)
	at org.springframework.jdbc.datasource.DataSourceUtils.doGetConnection(DataSourceUtils.java:118)
	at org.springframework.jdbc.datasource.DataSourceUtils.getConnection(DataSourceUtils.java:81)
	at org.mybatis.spring.transaction.SpringManagedTransaction.openConnection(SpringManagedTransaction.java:80)
	at org.mybatis.spring.transaction.SpringManagedTransaction.getConnection(SpringManagedTransaction.java:67)
	at org.apache.ibatis.executor.BaseExecutor.getConnection(BaseExecutor.java:348)
	at org.apache.ibatis.executor.SimpleExecutor.prepareStatement(SimpleExecutor.java:89)
	at org.apache.ibatis.executor.SimpleExecutor.doQuery(SimpleExecutor.java:64)
	at org.apache.ibatis.executor.BaseExecutor.queryFromDatabase(BaseExecutor.java:336)
	at org.apache.ibatis.executor.BaseExecutor.query(BaseExecutor.java:158)
	at org.apache.ibatis.executor.CachingExecutor.query(CachingExecutor.java:110)
	at org.apache.ibatis.executor.CachingExecutor.query(CachingExecutor.java:90)
	at org.apache.ibatis.session.defaults.DefaultSqlSession.selectList(DefaultSqlSession.java:154)
	at org.apache.ibatis.session.defaults.DefaultSqlSession.selectList(DefaultSqlSession.java:147)
	at org.apache.ibatis.session.defaults.DefaultSqlSession.selectList(DefaultSqlSession.java:142)
	at java.base/jdk.internal.reflect.DirectMethodHandleAccessor.invoke(DirectMethodHandleAccessor.java:103)
	at java.base/java.lang.reflect.Method.invoke(Method.java:580)
	at org.mybatis.spring.SqlSessionTemplate$SqlSessionInterceptor.invoke(SqlSessionTemplate.java:425)
	at jdk.proxy2/jdk.proxy2.$Proxy70.selectList(Unknown Source)
	at org.mybatis.spring.SqlSessionTemplate.selectList(SqlSessionTemplate.java:224)
	at org.apache.ibatis.binding.MapperMethod.executeForMany(MapperMethod.java:147)
	at org.apache.ibatis.binding.MapperMethod.execute(MapperMethod.java:80)
	at org.apache.ibatis.binding.MapperProxy$PlainMethodInvoker.invoke(MapperProxy.java:141)
	at org.apache.ibatis.binding.MapperProxy.invoke(MapperProxy.java:86)
	at jdk.proxy3/jdk.proxy3.$Proxy71.list(Unknown Source)
	at com.jiawa.wiki.service.TestService.list(TestService.java:18)
	at com.jiawa.wiki.controller.TestController.list(TestController.java:38)
	at java.base/jdk.internal.reflect.DirectMethodHandleAccessor.invoke(DirectMethodHandleAccessor.java:103)
	at java.base/java.lang.reflect.Method.invoke(Method.java:580)
	at org.springframework.web.method.support.InvocableHandlerMethod.doInvoke(InvocableHandlerMethod.java:257)
	at org.springframework.web.method.support.InvocableHandlerMethod.invokeForRequest(InvocableHandlerMethod.java:190)
	at org.springframework.web.servlet.mvc.method.annotation.ServletInvocableHandlerMethod.invokeAndHandle(ServletInvocableHandlerMethod.java:118)
	at org.springframework.web.servlet.mvc.method.annotation.RequestMappingHandlerAdapter.invokeHandlerMethod(RequestMappingHandlerAdapter.java:986)
	at org.springframework.web.servlet.mvc.method.annotation.RequestMappingHandlerAdapter.handleInternal(RequestMappingHandlerAdapter.java:891)
	at org.springframework.web.servlet.mvc.method.AbstractHandlerMethodAdapter.handle(AbstractHandlerMethodAdapter.java:87)
	at org.springframework.web.servlet.DispatcherServlet.doDispatch(DispatcherServlet.java:1088)
	at org.springframework.web.servlet.DispatcherServlet.doService(DispatcherServlet.java:978)
	at org.springframework.web.servlet.FrameworkServlet.processRequest(FrameworkServlet.java:1014)
	at org.springframework.web.servlet.FrameworkServlet.doGet(FrameworkServlet.java:903)
	at jakarta.servlet.http.HttpServlet.service(HttpServlet.java:564)
	at org.springframework.web.servlet.FrameworkServlet.service(FrameworkServlet.java:885)
	at jakarta.servlet.http.HttpServlet.service(HttpServlet.java:658)
	at org.apache.catalina.core.ApplicationFilterChain.internalDoFilter(ApplicationFilterChain.java:195)
	at org.apache.catalina.core.ApplicationFilterChain.doFilter(ApplicationFilterChain.java:140)
	at org.apache.tomcat.websocket.server.WsFilter.doFilter(WsFilter.java:51)
	at org.apache.catalina.core.ApplicationFilterChain.internalDoFilter(ApplicationFilterChain.java:164)
	at org.apache.catalina.core.ApplicationFilterChain.doFilter(ApplicationFilterChain.java:140)
	at org.springframework.web.filter.RequestContextFilter.doFilterInternal(RequestContextFilter.java:100)
	at org.springframework.web.filter.OncePerRequestFilter.doFilter(OncePerRequestFilter.java:116)
	at org.apache.catalina.core.ApplicationFilterChain.internalDoFilter(ApplicationFilterChain.java:164)
	at org.apache.catalina.core.ApplicationFilterChain.doFilter(ApplicationFilterChain.java:140)
	at org.springframework.web.filter.FormContentFilter.doFilterInternal(FormContentFilter.java:93)
	at org.springframework.web.filter.OncePerRequestFilter.doFilter(OncePerRequestFilter.java:116)
	at org.apache.catalina.core.ApplicationFilterChain.internalDoFilter(ApplicationFilterChain.java:164)
	at org.apache.catalina.core.ApplicationFilterChain.doFilter(ApplicationFilterChain.java:140)
	at org.springframework.web.filter.CharacterEncodingFilter.doFilterInternal(CharacterEncodingFilter.java:201)
	at org.springframework.web.filter.OncePerRequestFilter.doFilter(OncePerRequestFilter.java:116)
	at org.apache.catalina.core.ApplicationFilterChain.internalDoFilter(ApplicationFilterChain.java:164)
	at org.apache.catalina.core.ApplicationFilterChain.doFilter(ApplicationFilterChain.java:140)
	at org.apache.catalina.core.StandardWrapperValve.invoke(StandardWrapperValve.java:167)
	at org.apache.catalina.core.StandardContextValve.invoke(StandardContextValve.java:90)
	at org.apache.catalina.authenticator.AuthenticatorBase.invoke(AuthenticatorBase.java:483)
	at org.apache.catalina.core.StandardHostValve.invoke(StandardHostValve.java:115)
	at org.apache.catalina.valves.ErrorReportValve.invoke(ErrorReportValve.java:93)
	at org.apache.catalina.core.StandardEngineValve.invoke(StandardEngineValve.java:74)
	at org.apache.catalina.connector.CoyoteAdapter.service(CoyoteAdapter.java:344)
	at org.apache.coyote.http11.Http11Processor.service(Http11Processor.java:397)
	at org.apache.coyote.AbstractProcessorLight.process(AbstractProcessorLight.java:63)
	at org.apache.coyote.AbstractProtocol$ConnectionHandler.process(AbstractProtocol.java:905)
	at org.apache.tomcat.util.net.NioEndpoint$SocketProcessor.doRun(NioEndpoint.java:1743)
	at org.apache.tomcat.util.net.SocketProcessorBase.run(SocketProcessorBase.java:52)
	at org.apache.tomcat.util.threads.ThreadPoolExecutor.runWorker(ThreadPoolExecutor.java:1190)
	at org.apache.tomcat.util.threads.ThreadPoolExecutor$Worker.run(ThreadPoolExecutor.java:659)
	at org.apache.tomcat.util.threads.TaskThread$WrappingRunnable.run(TaskThread.java:63)
	at java.base/java.lang.Thread.run(Thread.java:1575)
2025-03-25 09:59:49.088 INFO  o.s.boot.web.embedded.tomcat.GracefulShutdown     :54   [32m                  [0;39m Commencing graceful shutdown. Waiting for active requests to complete
2025-03-25 09:59:49.092 INFO  o.s.boot.web.embedded.tomcat.GracefulShutdown     :76   [32m                  [0;39m Graceful shutdown complete
2025-03-25 09:59:50.026 INFO  com.jiawa.wiki.config.WikiApplication             :53   [32m                  [0;39m Starting WikiApplication using Java 23.0.2 with PID 7001 (/Users/hollton/Documents/imoocBack/java-vue/target/classes started by hollton in /Users/hollton/Documents/imoocBack/java-vue)
2025-03-25 09:59:50.027 INFO  com.jiawa.wiki.config.WikiApplication             :652  [32m                  [0;39m No active profile set, falling back to 1 default profile: "default"
2025-03-25 09:59:50.047 INFO  o.s.b.d.env.DevToolsPropertyDefaultsPostProcessor :252  [32m                  [0;39m Devtools property defaults active! Set 'spring.devtools.add-properties' to 'false' to disable
2025-03-25 09:59:50.048 INFO  o.s.b.d.env.DevToolsPropertyDefaultsPostProcessor :252  [32m                  [0;39m For additional web related logging consider setting the 'logging.level.web' property to 'DEBUG'
2025-03-25 09:59:50.397 INFO  o.s.boot.web.embedded.tomcat.TomcatWebServer      :111  [32m                  [0;39m Tomcat initialized with port 8881 (http)
2025-03-25 09:59:50.402 INFO  org.apache.coyote.http11.Http11NioProtocol        :173  [32m                  [0;39m Initializing ProtocolHandler ["http-nio-8881"]
2025-03-25 09:59:50.403 INFO  org.apache.catalina.core.StandardService          :173  [32m                  [0;39m Starting service [Tomcat]
2025-03-25 09:59:50.403 INFO  org.apache.catalina.core.StandardEngine           :173  [32m                  [0;39m Starting Servlet engine: [Apache Tomcat/10.1.36]
2025-03-25 09:59:50.414 INFO  o.a.c.core.ContainerBase.[Tomcat].[localhost].[/] :173  [32m                  [0;39m Initializing Spring embedded WebApplicationContext
2025-03-25 09:59:50.415 INFO  o.s.b.w.s.c.ServletWebServerApplicationContext    :301  [32m                  [0;39m Root WebApplicationContext: initialization completed in 366 ms
2025-03-25 09:59:50.615 INFO  o.s.b.d.autoconfigure.OptionalLiveReloadServer    :59   [32m                  [0;39m LiveReload server is running on port 35729
2025-03-25 09:59:50.622 INFO  org.apache.coyote.http11.Http11NioProtocol        :173  [32m                  [0;39m Starting ProtocolHandler ["http-nio-8881"]
2025-03-25 09:59:50.626 INFO  o.s.boot.web.embedded.tomcat.TomcatWebServer      :243  [32m                  [0;39m Tomcat started on port 8881 (http) with context path '/'
2025-03-25 09:59:50.630 INFO  com.jiawa.wiki.config.WikiApplication             :59   [32m                  [0;39m Started WikiApplication in 0.767 seconds (process running for 0.976)
2025-03-25 09:59:50.631 INFO  com.jiawa.wiki.config.WikiApplication             :26   [32m                  [0;39m 启动成功！！
2025-03-25 09:59:50.632 INFO  com.jiawa.wiki.config.WikiApplication             :27   [32m                  [0;39m 地址: 	http://127.0.0.1:8881
2025-03-25 09:59:52.672 INFO  o.a.c.core.ContainerBase.[Tomcat].[localhost].[/] :173  [32m                  [0;39m Initializing Spring DispatcherServlet 'dispatcherServlet'
2025-03-25 09:59:52.672 INFO  org.springframework.web.servlet.DispatcherServlet :532  [32m                  [0;39m Initializing Servlet 'dispatcherServlet'
2025-03-25 09:59:52.673 INFO  org.springframework.web.servlet.DispatcherServlet :554  [32m                  [0;39m Completed initialization in 1 ms
2025-03-25 10:00:01.707 INFO  com.zaxxer.hikari.HikariDataSource                :109  [32m                  [0;39m HikariPool-1 - Starting...
2025-03-25 10:00:01.873 INFO  com.zaxxer.hikari.pool.HikariPool                 :554  [32m                  [0;39m HikariPool-1 - Added connection com.mysql.cj.jdbc.ConnectionImpl@1bda563d
2025-03-25 10:00:01.873 INFO  com.zaxxer.hikari.HikariDataSource                :122  [32m                  [0;39m HikariPool-1 - Start completed.
2025-03-25 10:05:13.375 INFO  o.s.b.d.a.LocalDevToolsAutoConfiguration$RestartingClassPathChangeChangedEventListener:211  [32m                  [0;39m Restarting due to 16 class path changes (0 additions, 1 deletion, 15 modifications)
2025-03-25 10:05:13.380 INFO  o.s.boot.web.embedded.tomcat.GracefulShutdown     :54   [32m                  [0;39m Commencing graceful shutdown. Waiting for active requests to complete
2025-03-25 10:05:13.380 INFO  org.apache.coyote.http11.Http11NioProtocol        :173  [32m                  [0;39m Pausing ProtocolHandler ["http-nio-8881"]
2025-03-25 10:05:13.385 INFO  o.s.boot.web.embedded.tomcat.GracefulShutdown     :76   [32m                  [0;39m Graceful shutdown complete
2025-03-25 10:05:13.386 INFO  org.apache.coyote.http11.Http11NioProtocol        :173  [32m                  [0;39m Stopping ProtocolHandler ["http-nio-8881"]
2025-03-25 10:05:13.389 INFO  com.zaxxer.hikari.HikariDataSource                :349  [32m                  [0;39m HikariPool-1 - Shutdown initiated...
2025-03-25 10:05:13.402 INFO  com.zaxxer.hikari.HikariDataSource                :351  [32m                  [0;39m HikariPool-1 - Shutdown completed.
2025-03-25 10:05:13.463 INFO  com.jiawa.wiki.config.WikiApplication             :53   [32m                  [0;39m Starting WikiApplication using Java 23.0.2 with PID 7001 (/Users/hollton/Documents/imoocBack/java-vue/target/classes started by hollton in /Users/hollton/Documents/imoocBack/java-vue)
2025-03-25 10:05:13.463 INFO  com.jiawa.wiki.config.WikiApplication             :652  [32m                  [0;39m No active profile set, falling back to 1 default profile: "default"
2025-03-25 10:05:13.531 INFO  o.s.boot.web.embedded.tomcat.TomcatWebServer      :111  [32m                  [0;39m Tomcat initialized with port 8881 (http)
2025-03-25 10:05:13.531 INFO  org.apache.coyote.http11.Http11NioProtocol        :173  [32m                  [0;39m Initializing ProtocolHandler ["http-nio-8881"]
2025-03-25 10:05:13.531 INFO  org.apache.catalina.core.StandardService          :173  [32m                  [0;39m Starting service [Tomcat]
2025-03-25 10:05:13.531 INFO  org.apache.catalina.core.StandardEngine           :173  [32m                  [0;39m Starting Servlet engine: [Apache Tomcat/10.1.36]
2025-03-25 10:05:13.534 INFO  o.a.c.core.ContainerBase.[Tomcat].[localhost].[/] :173  [32m                  [0;39m Initializing Spring embedded WebApplicationContext
2025-03-25 10:05:13.534 INFO  o.s.b.w.s.c.ServletWebServerApplicationContext    :301  [32m                  [0;39m Root WebApplicationContext: initialization completed in 70 ms
2025-03-25 10:05:13.598 INFO  o.s.b.d.autoconfigure.OptionalLiveReloadServer    :59   [32m                  [0;39m LiveReload server is running on port 35729
2025-03-25 10:05:13.601 INFO  org.apache.coyote.http11.Http11NioProtocol        :173  [32m                  [0;39m Starting ProtocolHandler ["http-nio-8881"]
2025-03-25 10:05:13.602 INFO  o.s.boot.web.embedded.tomcat.TomcatWebServer      :243  [32m                  [0;39m Tomcat started on port 8881 (http) with context path '/'
2025-03-25 10:05:13.603 INFO  com.jiawa.wiki.config.WikiApplication             :59   [32m                  [0;39m Started WikiApplication in 0.152 seconds (process running for 323.953)
2025-03-25 10:05:13.604 INFO  o.s.b.d.a.ConditionEvaluationDeltaLoggingListener :63   [32m                  [0;39m Condition evaluation unchanged
2025-03-25 10:05:13.604 INFO  com.jiawa.wiki.config.WikiApplication             :26   [32m                  [0;39m 启动成功！！
2025-03-25 10:05:13.604 INFO  com.jiawa.wiki.config.WikiApplication             :27   [32m                  [0;39m 地址: 	http://127.0.0.1:8881
2025-03-25 10:08:21.601 INFO  o.s.boot.web.embedded.tomcat.GracefulShutdown     :54   [32m                  [0;39m Commencing graceful shutdown. Waiting for active requests to complete
2025-03-25 10:08:21.602 INFO  o.s.boot.web.embedded.tomcat.GracefulShutdown     :76   [32m                  [0;39m Graceful shutdown complete
2025-03-25 10:08:22.558 INFO  com.jiawa.wiki.config.WikiApplication             :53   [32m                  [0;39m Starting WikiApplication using Java 23.0.2 with PID 7187 (/Users/hollton/Documents/imoocBack/java-vue/target/classes started by hollton in /Users/hollton/Documents/imoocBack/java-vue)
2025-03-25 10:08:22.559 INFO  com.jiawa.wiki.config.WikiApplication             :652  [32m                  [0;39m No active profile set, falling back to 1 default profile: "default"
2025-03-25 10:08:22.581 INFO  o.s.b.d.env.DevToolsPropertyDefaultsPostProcessor :252  [32m                  [0;39m Devtools property defaults active! Set 'spring.devtools.add-properties' to 'false' to disable
2025-03-25 10:08:22.581 INFO  o.s.b.d.env.DevToolsPropertyDefaultsPostProcessor :252  [32m                  [0;39m For additional web related logging consider setting the 'logging.level.web' property to 'DEBUG'
2025-03-25 10:08:22.936 INFO  o.s.boot.web.embedded.tomcat.TomcatWebServer      :111  [32m                  [0;39m Tomcat initialized with port 8881 (http)
2025-03-25 10:08:22.942 INFO  org.apache.coyote.http11.Http11NioProtocol        :173  [32m                  [0;39m Initializing ProtocolHandler ["http-nio-8881"]
2025-03-25 10:08:22.942 INFO  org.apache.catalina.core.StandardService          :173  [32m                  [0;39m Starting service [Tomcat]
2025-03-25 10:08:22.943 INFO  org.apache.catalina.core.StandardEngine           :173  [32m                  [0;39m Starting Servlet engine: [Apache Tomcat/10.1.36]
2025-03-25 10:08:22.954 INFO  o.a.c.core.ContainerBase.[Tomcat].[localhost].[/] :173  [32m                  [0;39m Initializing Spring embedded WebApplicationContext
2025-03-25 10:08:22.955 INFO  o.s.b.w.s.c.ServletWebServerApplicationContext    :301  [32m                  [0;39m Root WebApplicationContext: initialization completed in 374 ms
2025-03-25 10:08:23.157 INFO  o.s.b.d.autoconfigure.OptionalLiveReloadServer    :59   [32m                  [0;39m LiveReload server is running on port 35729
2025-03-25 10:08:23.163 INFO  org.apache.coyote.http11.Http11NioProtocol        :173  [32m                  [0;39m Starting ProtocolHandler ["http-nio-8881"]
2025-03-25 10:08:23.169 INFO  o.s.boot.web.embedded.tomcat.TomcatWebServer      :243  [32m                  [0;39m Tomcat started on port 8881 (http) with context path '/'
2025-03-25 10:08:23.173 INFO  com.jiawa.wiki.config.WikiApplication             :59   [32m                  [0;39m Started WikiApplication in 0.778 seconds (process running for 1.004)
2025-03-25 10:08:23.174 INFO  com.jiawa.wiki.config.WikiApplication             :26   [32m                  [0;39m 启动成功！！
2025-03-25 10:08:23.174 INFO  com.jiawa.wiki.config.WikiApplication             :27   [32m                  [0;39m 地址: 	http://127.0.0.1:8881
2025-03-25 10:09:06.910 INFO  o.s.b.d.a.LocalDevToolsAutoConfiguration$RestartingClassPathChangeChangedEventListener:211  [32m                  [0;39m Restarting due to 10 class path changes (0 additions, 0 deletions, 10 modifications)
2025-03-25 10:09:06.913 INFO  o.s.boot.web.embedded.tomcat.GracefulShutdown     :54   [32m                  [0;39m Commencing graceful shutdown. Waiting for active requests to complete
2025-03-25 10:09:06.914 INFO  org.apache.coyote.http11.Http11NioProtocol        :173  [32m                  [0;39m Pausing ProtocolHandler ["http-nio-8881"]
2025-03-25 10:09:06.917 INFO  o.s.boot.web.embedded.tomcat.GracefulShutdown     :76   [32m                  [0;39m Graceful shutdown complete
2025-03-25 10:09:06.918 INFO  org.apache.coyote.http11.Http11NioProtocol        :173  [32m                  [0;39m Stopping ProtocolHandler ["http-nio-8881"]
2025-03-25 10:09:06.955 INFO  com.jiawa.wiki.config.WikiApplication             :53   [32m                  [0;39m Starting WikiApplication using Java 23.0.2 with PID 7187 (/Users/hollton/Documents/imoocBack/java-vue/target/classes started by hollton in /Users/hollton/Documents/imoocBack/java-vue)
2025-03-25 10:09:06.955 INFO  com.jiawa.wiki.config.WikiApplication             :652  [32m                  [0;39m No active profile set, falling back to 1 default profile: "default"
2025-03-25 10:09:07.022 INFO  o.s.boot.web.embedded.tomcat.TomcatWebServer      :111  [32m                  [0;39m Tomcat initialized with port 8881 (http)
2025-03-25 10:09:07.022 INFO  org.apache.coyote.http11.Http11NioProtocol        :173  [32m                  [0;39m Initializing ProtocolHandler ["http-nio-8881"]
2025-03-25 10:09:07.022 INFO  org.apache.catalina.core.StandardService          :173  [32m                  [0;39m Starting service [Tomcat]
2025-03-25 10:09:07.022 INFO  org.apache.catalina.core.StandardEngine           :173  [32m                  [0;39m Starting Servlet engine: [Apache Tomcat/10.1.36]
2025-03-25 10:09:07.025 INFO  o.a.c.core.ContainerBase.[Tomcat].[localhost].[/] :173  [32m                  [0;39m Initializing Spring embedded WebApplicationContext
2025-03-25 10:09:07.025 INFO  o.s.b.w.s.c.ServletWebServerApplicationContext    :301  [32m                  [0;39m Root WebApplicationContext: initialization completed in 69 ms
2025-03-25 10:09:07.089 INFO  o.s.b.d.autoconfigure.OptionalLiveReloadServer    :59   [32m                  [0;39m LiveReload server is running on port 35729
2025-03-25 10:09:07.093 INFO  org.apache.coyote.http11.Http11NioProtocol        :173  [32m                  [0;39m Starting ProtocolHandler ["http-nio-8881"]
2025-03-25 10:09:07.094 INFO  o.s.boot.web.embedded.tomcat.TomcatWebServer      :243  [32m                  [0;39m Tomcat started on port 8881 (http) with context path '/'
2025-03-25 10:09:07.095 INFO  com.jiawa.wiki.config.WikiApplication             :59   [32m                  [0;39m Started WikiApplication in 0.15 seconds (process running for 44.926)
2025-03-25 10:09:07.096 INFO  o.s.b.d.a.ConditionEvaluationDeltaLoggingListener :63   [32m                  [0;39m Condition evaluation unchanged
2025-03-25 10:09:07.096 INFO  com.jiawa.wiki.config.WikiApplication             :26   [32m                  [0;39m 启动成功！！
2025-03-25 10:09:07.096 INFO  com.jiawa.wiki.config.WikiApplication             :27   [32m                  [0;39m 地址: 	http://127.0.0.1:8881
2025-03-25 10:15:08.662 INFO  o.s.b.d.a.LocalDevToolsAutoConfiguration$RestartingClassPathChangeChangedEventListener:211  [32m                  [0;39m Restarting due to 2 class path changes (0 additions, 0 deletions, 2 modifications)
2025-03-25 10:15:08.666 INFO  o.s.boot.web.embedded.tomcat.GracefulShutdown     :54   [32m                  [0;39m Commencing graceful shutdown. Waiting for active requests to complete
2025-03-25 10:15:08.667 INFO  org.apache.coyote.http11.Http11NioProtocol        :173  [32m                  [0;39m Pausing ProtocolHandler ["http-nio-8881"]
2025-03-25 10:15:08.669 INFO  o.s.boot.web.embedded.tomcat.GracefulShutdown     :76   [32m                  [0;39m Graceful shutdown complete
2025-03-25 10:15:08.669 INFO  org.apache.coyote.http11.Http11NioProtocol        :173  [32m                  [0;39m Stopping ProtocolHandler ["http-nio-8881"]
2025-03-25 10:15:08.720 INFO  com.jiawa.wiki.config.WikiApplication             :53   [32m                  [0;39m Starting WikiApplication using Java 23.0.2 with PID 7187 (/Users/hollton/Documents/imoocBack/java-vue/target/classes started by hollton in /Users/hollton/Documents/imoocBack/java-vue)
2025-03-25 10:15:08.720 INFO  com.jiawa.wiki.config.WikiApplication             :652  [32m                  [0;39m No active profile set, falling back to 1 default profile: "default"
2025-03-25 10:15:08.789 INFO  o.s.boot.web.embedded.tomcat.TomcatWebServer      :111  [32m                  [0;39m Tomcat initialized with port 8881 (http)
2025-03-25 10:15:08.790 INFO  org.apache.coyote.http11.Http11NioProtocol        :173  [32m                  [0;39m Initializing ProtocolHandler ["http-nio-8881"]
2025-03-25 10:15:08.790 INFO  org.apache.catalina.core.StandardService          :173  [32m                  [0;39m Starting service [Tomcat]
2025-03-25 10:15:08.790 INFO  org.apache.catalina.core.StandardEngine           :173  [32m                  [0;39m Starting Servlet engine: [Apache Tomcat/10.1.36]
2025-03-25 10:15:08.793 INFO  o.a.c.core.ContainerBase.[Tomcat].[localhost].[/] :173  [32m                  [0;39m Initializing Spring embedded WebApplicationContext
2025-03-25 10:15:08.793 INFO  o.s.b.w.s.c.ServletWebServerApplicationContext    :301  [32m                  [0;39m Root WebApplicationContext: initialization completed in 72 ms
2025-03-25 10:15:08.858 INFO  o.s.b.d.autoconfigure.OptionalLiveReloadServer    :59   [32m                  [0;39m LiveReload server is running on port 35729
2025-03-25 10:15:08.861 INFO  org.apache.coyote.http11.Http11NioProtocol        :173  [32m                  [0;39m Starting ProtocolHandler ["http-nio-8881"]
2025-03-25 10:15:08.862 INFO  o.s.boot.web.embedded.tomcat.TomcatWebServer      :243  [32m                  [0;39m Tomcat started on port 8881 (http) with context path '/'
2025-03-25 10:15:08.863 INFO  com.jiawa.wiki.config.WikiApplication             :59   [32m                  [0;39m Started WikiApplication in 0.156 seconds (process running for 406.694)
2025-03-25 10:15:08.863 INFO  o.s.b.d.a.ConditionEvaluationDeltaLoggingListener :63   [32m                  [0;39m Condition evaluation unchanged
2025-03-25 10:15:08.863 INFO  com.jiawa.wiki.config.WikiApplication             :26   [32m                  [0;39m 启动成功！！
2025-03-25 10:15:08.863 INFO  com.jiawa.wiki.config.WikiApplication             :27   [32m                  [0;39m 地址: 	http://127.0.0.1:8881
2025-03-25 10:36:25.765 INFO  o.s.b.d.a.LocalDevToolsAutoConfiguration$RestartingClassPathChangeChangedEventListener:211  [32m                  [0;39m Restarting due to 1 class path change (0 additions, 0 deletions, 1 modification)
2025-03-25 10:36:25.767 INFO  o.s.boot.web.embedded.tomcat.GracefulShutdown     :54   [32m                  [0;39m Commencing graceful shutdown. Waiting for active requests to complete
2025-03-25 10:36:25.767 INFO  org.apache.coyote.http11.Http11NioProtocol        :173  [32m                  [0;39m Pausing ProtocolHandler ["http-nio-8881"]
2025-03-25 10:36:25.769 INFO  o.s.boot.web.embedded.tomcat.GracefulShutdown     :76   [32m                  [0;39m Graceful shutdown complete
2025-03-25 10:36:25.769 INFO  org.apache.coyote.http11.Http11NioProtocol        :173  [32m                  [0;39m Stopping ProtocolHandler ["http-nio-8881"]
2025-03-25 10:36:25.811 INFO  com.jiawa.wiki.config.WikiApplication             :53   [32m                  [0;39m Starting WikiApplication using Java 23.0.2 with PID 7187 (/Users/hollton/Documents/imoocBack/java-vue/target/classes started by hollton in /Users/hollton/Documents/imoocBack/java-vue)
2025-03-25 10:36:25.811 INFO  com.jiawa.wiki.config.WikiApplication             :652  [32m                  [0;39m No active profile set, falling back to 1 default profile: "default"
2025-03-25 10:36:25.886 INFO  o.s.boot.web.embedded.tomcat.TomcatWebServer      :111  [32m                  [0;39m Tomcat initialized with port 8881 (http)
2025-03-25 10:36:25.887 INFO  org.apache.coyote.http11.Http11NioProtocol        :173  [32m                  [0;39m Initializing ProtocolHandler ["http-nio-8881"]
2025-03-25 10:36:25.887 INFO  org.apache.catalina.core.StandardService          :173  [32m                  [0;39m Starting service [Tomcat]
2025-03-25 10:36:25.887 INFO  org.apache.catalina.core.StandardEngine           :173  [32m                  [0;39m Starting Servlet engine: [Apache Tomcat/10.1.36]
2025-03-25 10:36:25.890 INFO  o.a.c.core.ContainerBase.[Tomcat].[localhost].[/] :173  [32m                  [0;39m Initializing Spring embedded WebApplicationContext
2025-03-25 10:36:25.890 INFO  o.s.b.w.s.c.ServletWebServerApplicationContext    :301  [32m                  [0;39m Root WebApplicationContext: initialization completed in 78 ms
2025-03-25 10:36:25.963 INFO  o.s.b.d.autoconfigure.OptionalLiveReloadServer    :59   [32m                  [0;39m LiveReload server is running on port 35729
2025-03-25 10:36:25.966 INFO  org.apache.coyote.http11.Http11NioProtocol        :173  [32m                  [0;39m Starting ProtocolHandler ["http-nio-8881"]
2025-03-25 10:36:25.967 INFO  o.s.boot.web.embedded.tomcat.TomcatWebServer      :243  [32m                  [0;39m Tomcat started on port 8881 (http) with context path '/'
2025-03-25 10:36:25.969 INFO  com.jiawa.wiki.config.WikiApplication             :59   [32m                  [0;39m Started WikiApplication in 0.17 seconds (process running for 1683.817)
2025-03-25 10:36:25.969 INFO  o.s.b.d.a.ConditionEvaluationDeltaLoggingListener :63   [32m                  [0;39m Condition evaluation unchanged
2025-03-25 10:36:25.969 INFO  com.jiawa.wiki.config.WikiApplication             :26   [32m                  [0;39m 启动成功！！
2025-03-25 10:36:25.970 INFO  com.jiawa.wiki.config.WikiApplication             :27   [32m                  [0;39m 地址: 	http://127.0.0.1:8881
2025-03-25 10:37:13.796 INFO  o.s.b.d.a.LocalDevToolsAutoConfiguration$RestartingClassPathChangeChangedEventListener:211  [32m                  [0;39m Restarting due to 1 class path change (0 additions, 0 deletions, 1 modification)
2025-03-25 10:37:13.800 INFO  o.s.boot.web.embedded.tomcat.GracefulShutdown     :54   [32m                  [0;39m Commencing graceful shutdown. Waiting for active requests to complete
2025-03-25 10:37:13.801 INFO  org.apache.coyote.http11.Http11NioProtocol        :173  [32m                  [0;39m Pausing ProtocolHandler ["http-nio-8881"]
2025-03-25 10:37:13.802 INFO  o.s.boot.web.embedded.tomcat.GracefulShutdown     :76   [32m                  [0;39m Graceful shutdown complete
2025-03-25 10:37:13.803 INFO  org.apache.coyote.http11.Http11NioProtocol        :173  [32m                  [0;39m Stopping ProtocolHandler ["http-nio-8881"]
2025-03-25 10:37:13.849 INFO  com.jiawa.wiki.config.WikiApplication             :53   [32m                  [0;39m Starting WikiApplication using Java 23.0.2 with PID 7187 (/Users/hollton/Documents/imoocBack/java-vue/target/classes started by hollton in /Users/hollton/Documents/imoocBack/java-vue)
2025-03-25 10:37:13.849 INFO  com.jiawa.wiki.config.WikiApplication             :652  [32m                  [0;39m No active profile set, falling back to 1 default profile: "default"
2025-03-25 10:37:13.906 INFO  o.s.boot.web.embedded.tomcat.TomcatWebServer      :111  [32m                  [0;39m Tomcat initialized with port 8881 (http)
2025-03-25 10:37:13.906 INFO  org.apache.coyote.http11.Http11NioProtocol        :173  [32m                  [0;39m Initializing ProtocolHandler ["http-nio-8881"]
2025-03-25 10:37:13.907 INFO  org.apache.catalina.core.StandardService          :173  [32m                  [0;39m Starting service [Tomcat]
2025-03-25 10:37:13.907 INFO  org.apache.catalina.core.StandardEngine           :173  [32m                  [0;39m Starting Servlet engine: [Apache Tomcat/10.1.36]
2025-03-25 10:37:13.909 INFO  o.a.c.core.ContainerBase.[Tomcat].[localhost].[/] :173  [32m                  [0;39m Initializing Spring embedded WebApplicationContext
2025-03-25 10:37:13.909 INFO  o.s.b.w.s.c.ServletWebServerApplicationContext    :301  [32m                  [0;39m Root WebApplicationContext: initialization completed in 60 ms
2025-03-25 10:37:13.976 INFO  o.s.b.d.autoconfigure.OptionalLiveReloadServer    :59   [32m                  [0;39m LiveReload server is running on port 35729
2025-03-25 10:37:13.981 INFO  org.apache.coyote.http11.Http11NioProtocol        :173  [32m                  [0;39m Starting ProtocolHandler ["http-nio-8881"]
2025-03-25 10:37:13.983 INFO  o.s.boot.web.embedded.tomcat.TomcatWebServer      :243  [32m                  [0;39m Tomcat started on port 8881 (http) with context path '/'
2025-03-25 10:37:13.984 INFO  com.jiawa.wiki.config.WikiApplication             :59   [32m                  [0;39m Started WikiApplication in 0.146 seconds (process running for 1731.833)
2025-03-25 10:37:13.985 INFO  o.s.b.d.a.ConditionEvaluationDeltaLoggingListener :63   [32m                  [0;39m Condition evaluation unchanged
2025-03-25 10:37:13.985 INFO  com.jiawa.wiki.config.WikiApplication             :26   [32m                  [0;39m 启动成功！！
2025-03-25 10:37:13.985 INFO  com.jiawa.wiki.config.WikiApplication             :27   [32m                  [0;39m 地址: 	http://127.0.0.1:8881
2025-03-25 10:40:50.274 INFO  o.s.b.d.a.LocalDevToolsAutoConfiguration$RestartingClassPathChangeChangedEventListener:211  [32m                  [0;39m Restarting due to 1 class path change (0 additions, 0 deletions, 1 modification)
2025-03-25 10:40:50.278 INFO  o.s.boot.web.embedded.tomcat.GracefulShutdown     :54   [32m                  [0;39m Commencing graceful shutdown. Waiting for active requests to complete
2025-03-25 10:40:50.279 INFO  org.apache.coyote.http11.Http11NioProtocol        :173  [32m                  [0;39m Pausing ProtocolHandler ["http-nio-8881"]
2025-03-25 10:40:50.282 INFO  o.s.boot.web.embedded.tomcat.GracefulShutdown     :76   [32m                  [0;39m Graceful shutdown complete
2025-03-25 10:40:50.282 INFO  org.apache.coyote.http11.Http11NioProtocol        :173  [32m                  [0;39m Stopping ProtocolHandler ["http-nio-8881"]
2025-03-25 10:40:50.334 INFO  com.jiawa.wiki.config.WikiApplication             :53   [32m                  [0;39m Starting WikiApplication using Java 23.0.2 with PID 7187 (/Users/hollton/Documents/imoocBack/java-vue/target/classes started by hollton in /Users/hollton/Documents/imoocBack/java-vue)
2025-03-25 10:40:50.334 INFO  com.jiawa.wiki.config.WikiApplication             :652  [32m                  [0;39m No active profile set, falling back to 1 default profile: "default"
2025-03-25 10:40:50.394 INFO  o.s.boot.web.embedded.tomcat.TomcatWebServer      :111  [32m                  [0;39m Tomcat initialized with port 8881 (http)
2025-03-25 10:40:50.395 INFO  org.apache.coyote.http11.Http11NioProtocol        :173  [32m                  [0;39m Initializing ProtocolHandler ["http-nio-8881"]
2025-03-25 10:40:50.395 INFO  org.apache.catalina.core.StandardService          :173  [32m                  [0;39m Starting service [Tomcat]
2025-03-25 10:40:50.395 INFO  org.apache.catalina.core.StandardEngine           :173  [32m                  [0;39m Starting Servlet engine: [Apache Tomcat/10.1.36]
2025-03-25 10:40:50.397 INFO  o.a.c.core.ContainerBase.[Tomcat].[localhost].[/] :173  [32m                  [0;39m Initializing Spring embedded WebApplicationContext
2025-03-25 10:40:50.397 INFO  o.s.b.w.s.c.ServletWebServerApplicationContext    :301  [32m                  [0;39m Root WebApplicationContext: initialization completed in 62 ms
2025-03-25 10:40:50.458 INFO  o.s.b.d.autoconfigure.OptionalLiveReloadServer    :59   [32m                  [0;39m LiveReload server is running on port 35729
2025-03-25 10:40:50.461 INFO  org.apache.coyote.http11.Http11NioProtocol        :173  [32m                  [0;39m Starting ProtocolHandler ["http-nio-8881"]
2025-03-25 10:40:50.461 INFO  o.s.boot.web.embedded.tomcat.TomcatWebServer      :243  [32m                  [0;39m Tomcat started on port 8881 (http) with context path '/'
2025-03-25 10:40:50.462 INFO  com.jiawa.wiki.config.WikiApplication             :59   [32m                  [0;39m Started WikiApplication in 0.14 seconds (process running for 1948.305)
2025-03-25 10:40:50.463 INFO  o.s.b.d.a.ConditionEvaluationDeltaLoggingListener :63   [32m                  [0;39m Condition evaluation unchanged
2025-03-25 10:40:50.463 INFO  com.jiawa.wiki.config.WikiApplication             :26   [32m                  [0;39m 启动成功！！
2025-03-25 10:40:50.463 INFO  com.jiawa.wiki.config.WikiApplication             :27   [32m                  [0;39m 地址: 	http://127.0.0.1:8881
2025-03-25 10:43:25.705 INFO  o.s.b.d.a.LocalDevToolsAutoConfiguration$RestartingClassPathChangeChangedEventListener:211  [32m                  [0;39m Restarting due to 8 class path changes (7 additions, 0 deletions, 1 modification)
2025-03-25 10:43:25.706 INFO  o.s.boot.web.embedded.tomcat.GracefulShutdown     :54   [32m                  [0;39m Commencing graceful shutdown. Waiting for active requests to complete
2025-03-25 10:43:25.706 INFO  org.apache.coyote.http11.Http11NioProtocol        :173  [32m                  [0;39m Pausing ProtocolHandler ["http-nio-8881"]
2025-03-25 10:43:25.709 INFO  o.s.boot.web.embedded.tomcat.GracefulShutdown     :76   [32m                  [0;39m Graceful shutdown complete
2025-03-25 10:43:25.709 INFO  org.apache.coyote.http11.Http11NioProtocol        :173  [32m                  [0;39m Stopping ProtocolHandler ["http-nio-8881"]
2025-03-25 10:43:25.754 INFO  com.jiawa.wiki.config.WikiApplication             :53   [32m                  [0;39m Starting WikiApplication using Java 23.0.2 with PID 7187 (/Users/hollton/Documents/imoocBack/java-vue/target/classes started by hollton in /Users/hollton/Documents/imoocBack/java-vue)
2025-03-25 10:43:25.754 INFO  com.jiawa.wiki.config.WikiApplication             :652  [32m                  [0;39m No active profile set, falling back to 1 default profile: "default"
2025-03-25 10:43:25.818 INFO  o.s.boot.web.embedded.tomcat.TomcatWebServer      :111  [32m                  [0;39m Tomcat initialized with port 8881 (http)
2025-03-25 10:43:25.819 INFO  org.apache.coyote.http11.Http11NioProtocol        :173  [32m                  [0;39m Initializing ProtocolHandler ["http-nio-8881"]
2025-03-25 10:43:25.819 INFO  org.apache.catalina.core.StandardService          :173  [32m                  [0;39m Starting service [Tomcat]
2025-03-25 10:43:25.819 INFO  org.apache.catalina.core.StandardEngine           :173  [32m                  [0;39m Starting Servlet engine: [Apache Tomcat/10.1.36]
2025-03-25 10:43:25.821 INFO  o.a.c.core.ContainerBase.[Tomcat].[localhost].[/] :173  [32m                  [0;39m Initializing Spring embedded WebApplicationContext
2025-03-25 10:43:25.821 INFO  o.s.b.w.s.c.ServletWebServerApplicationContext    :301  [32m                  [0;39m Root WebApplicationContext: initialization completed in 66 ms
2025-03-25 10:43:25.896 INFO  o.s.b.d.autoconfigure.OptionalLiveReloadServer    :59   [32m                  [0;39m LiveReload server is running on port 35729
2025-03-25 10:43:25.899 INFO  org.apache.coyote.http11.Http11NioProtocol        :173  [32m                  [0;39m Starting ProtocolHandler ["http-nio-8881"]
2025-03-25 10:43:25.901 INFO  o.s.boot.web.embedded.tomcat.TomcatWebServer      :243  [32m                  [0;39m Tomcat started on port 8881 (http) with context path '/'
2025-03-25 10:43:25.903 INFO  com.jiawa.wiki.config.WikiApplication             :59   [32m                  [0;39m Started WikiApplication in 0.161 seconds (process running for 2103.747)
2025-03-25 10:43:25.903 INFO  o.s.b.d.a.ConditionEvaluationDeltaLoggingListener :63   [32m                  [0;39m Condition evaluation unchanged
2025-03-25 10:43:25.903 INFO  com.jiawa.wiki.config.WikiApplication             :26   [32m                  [0;39m 启动成功！！
2025-03-25 10:43:25.903 INFO  com.jiawa.wiki.config.WikiApplication             :27   [32m                  [0;39m 地址: 	http://127.0.0.1:8881
2025-03-25 10:50:10.107 INFO  o.s.b.d.a.LocalDevToolsAutoConfiguration$RestartingClassPathChangeChangedEventListener:211  [32m                  [0;39m Restarting due to 1 class path change (1 addition, 0 deletions, 0 modifications)
2025-03-25 10:50:10.107 INFO  o.s.boot.web.embedded.tomcat.GracefulShutdown     :54   [32m                  [0;39m Commencing graceful shutdown. Waiting for active requests to complete
2025-03-25 10:50:10.108 INFO  org.apache.coyote.http11.Http11NioProtocol        :173  [32m                  [0;39m Pausing ProtocolHandler ["http-nio-8881"]
2025-03-25 10:50:10.109 INFO  o.s.boot.web.embedded.tomcat.GracefulShutdown     :76   [32m                  [0;39m Graceful shutdown complete
2025-03-25 10:50:10.109 INFO  org.apache.coyote.http11.Http11NioProtocol        :173  [32m                  [0;39m Stopping ProtocolHandler ["http-nio-8881"]
2025-03-25 10:50:10.137 INFO  com.jiawa.wiki.config.WikiApplication             :53   [32m                  [0;39m Starting WikiApplication using Java 23.0.2 with PID 7187 (/Users/hollton/Documents/imoocBack/java-vue/target/classes started by hollton in /Users/hollton/Documents/imoocBack/java-vue)
2025-03-25 10:50:10.137 INFO  com.jiawa.wiki.config.WikiApplication             :652  [32m                  [0;39m No active profile set, falling back to 1 default profile: "default"
2025-03-25 10:50:10.196 INFO  o.s.boot.web.embedded.tomcat.TomcatWebServer      :111  [32m                  [0;39m Tomcat initialized with port 8881 (http)
2025-03-25 10:50:10.196 INFO  org.apache.coyote.http11.Http11NioProtocol        :173  [32m                  [0;39m Initializing ProtocolHandler ["http-nio-8881"]
2025-03-25 10:50:10.197 INFO  org.apache.catalina.core.StandardService          :173  [32m                  [0;39m Starting service [Tomcat]
2025-03-25 10:50:10.197 INFO  org.apache.catalina.core.StandardEngine           :173  [32m                  [0;39m Starting Servlet engine: [Apache Tomcat/10.1.36]
2025-03-25 10:50:10.198 INFO  o.a.c.core.ContainerBase.[Tomcat].[localhost].[/] :173  [32m                  [0;39m Initializing Spring embedded WebApplicationContext
2025-03-25 10:50:10.199 INFO  o.s.b.w.s.c.ServletWebServerApplicationContext    :301  [32m                  [0;39m Root WebApplicationContext: initialization completed in 61 ms
2025-03-25 10:50:10.270 INFO  o.s.b.d.autoconfigure.OptionalLiveReloadServer    :59   [32m                  [0;39m LiveReload server is running on port 35729
2025-03-25 10:50:10.274 INFO  org.apache.coyote.http11.Http11NioProtocol        :173  [32m                  [0;39m Starting ProtocolHandler ["http-nio-8881"]
2025-03-25 10:50:10.275 INFO  o.s.boot.web.embedded.tomcat.TomcatWebServer      :243  [32m                  [0;39m Tomcat started on port 8881 (http) with context path '/'
2025-03-25 10:50:10.277 INFO  com.jiawa.wiki.config.WikiApplication             :59   [32m                  [0;39m Started WikiApplication in 0.151 seconds (process running for 2508.126)
2025-03-25 10:50:10.278 INFO  o.s.b.d.a.ConditionEvaluationDeltaLoggingListener :63   [32m                  [0;39m Condition evaluation unchanged
2025-03-25 10:50:10.278 INFO  com.jiawa.wiki.config.WikiApplication             :26   [32m                  [0;39m 启动成功！！
2025-03-25 10:50:10.278 INFO  com.jiawa.wiki.config.WikiApplication             :27   [32m                  [0;39m 地址: 	http://127.0.0.1:8881
2025-03-25 10:51:08.178 INFO  o.s.b.d.a.LocalDevToolsAutoConfiguration$RestartingClassPathChangeChangedEventListener:211  [32m                  [0;39m Restarting due to 1 class path change (0 additions, 1 deletion, 0 modifications)
2025-03-25 10:51:08.179 INFO  o.s.boot.web.embedded.tomcat.GracefulShutdown     :54   [32m                  [0;39m Commencing graceful shutdown. Waiting for active requests to complete
2025-03-25 10:51:08.180 INFO  org.apache.coyote.http11.Http11NioProtocol        :173  [32m                  [0;39m Pausing ProtocolHandler ["http-nio-8881"]
2025-03-25 10:51:08.182 INFO  o.s.boot.web.embedded.tomcat.GracefulShutdown     :76   [32m                  [0;39m Graceful shutdown complete
2025-03-25 10:51:08.182 INFO  org.apache.coyote.http11.Http11NioProtocol        :173  [32m                  [0;39m Stopping ProtocolHandler ["http-nio-8881"]
2025-03-25 10:51:08.221 INFO  com.jiawa.wiki.config.WikiApplication             :53   [32m                  [0;39m Starting WikiApplication using Java 23.0.2 with PID 7187 (/Users/hollton/Documents/imoocBack/java-vue/target/classes started by hollton in /Users/hollton/Documents/imoocBack/java-vue)
2025-03-25 10:51:08.221 INFO  com.jiawa.wiki.config.WikiApplication             :652  [32m                  [0;39m No active profile set, falling back to 1 default profile: "default"
2025-03-25 10:51:08.282 INFO  o.s.boot.web.embedded.tomcat.TomcatWebServer      :111  [32m                  [0;39m Tomcat initialized with port 8881 (http)
2025-03-25 10:51:08.283 INFO  org.apache.coyote.http11.Http11NioProtocol        :173  [32m                  [0;39m Initializing ProtocolHandler ["http-nio-8881"]
2025-03-25 10:51:08.283 INFO  org.apache.catalina.core.StandardService          :173  [32m                  [0;39m Starting service [Tomcat]
2025-03-25 10:51:08.283 INFO  org.apache.catalina.core.StandardEngine           :173  [32m                  [0;39m Starting Servlet engine: [Apache Tomcat/10.1.36]
2025-03-25 10:51:08.285 INFO  o.a.c.core.ContainerBase.[Tomcat].[localhost].[/] :173  [32m                  [0;39m Initializing Spring embedded WebApplicationContext
2025-03-25 10:51:08.285 INFO  o.s.b.w.s.c.ServletWebServerApplicationContext    :301  [32m                  [0;39m Root WebApplicationContext: initialization completed in 63 ms
2025-03-25 10:51:08.346 INFO  o.s.b.d.autoconfigure.OptionalLiveReloadServer    :59   [32m                  [0;39m LiveReload server is running on port 35729
2025-03-25 10:51:08.349 INFO  org.apache.coyote.http11.Http11NioProtocol        :173  [32m                  [0;39m Starting ProtocolHandler ["http-nio-8881"]
2025-03-25 10:51:08.350 INFO  o.s.boot.web.embedded.tomcat.TomcatWebServer      :243  [32m                  [0;39m Tomcat started on port 8881 (http) with context path '/'
2025-03-25 10:51:08.351 INFO  com.jiawa.wiki.config.WikiApplication             :59   [32m                  [0;39m Started WikiApplication in 0.141 seconds (process running for 2566.2)
2025-03-25 10:51:08.351 INFO  o.s.b.d.a.ConditionEvaluationDeltaLoggingListener :63   [32m                  [0;39m Condition evaluation unchanged
2025-03-25 10:51:08.351 INFO  com.jiawa.wiki.config.WikiApplication             :26   [32m                  [0;39m 启动成功！！
2025-03-25 10:51:08.351 INFO  com.jiawa.wiki.config.WikiApplication             :27   [32m                  [0;39m 地址: 	http://127.0.0.1:8881
2025-03-25 10:53:31.018 INFO  o.s.b.d.a.LocalDevToolsAutoConfiguration$RestartingClassPathChangeChangedEventListener:211  [32m                  [0;39m Restarting due to 1 class path change (1 addition, 0 deletions, 0 modifications)
2025-03-25 10:53:31.020 INFO  o.s.boot.web.embedded.tomcat.GracefulShutdown     :54   [32m                  [0;39m Commencing graceful shutdown. Waiting for active requests to complete
2025-03-25 10:53:31.020 INFO  org.apache.coyote.http11.Http11NioProtocol        :173  [32m                  [0;39m Pausing ProtocolHandler ["http-nio-8881"]
2025-03-25 10:53:31.022 INFO  o.s.boot.web.embedded.tomcat.GracefulShutdown     :76   [32m                  [0;39m Graceful shutdown complete
2025-03-25 10:53:31.023 INFO  org.apache.coyote.http11.Http11NioProtocol        :173  [32m                  [0;39m Stopping ProtocolHandler ["http-nio-8881"]
2025-03-25 10:53:31.060 INFO  com.jiawa.wiki.config.WikiApplication             :53   [32m                  [0;39m Starting WikiApplication using Java 23.0.2 with PID 7187 (/Users/hollton/Documents/imoocBack/java-vue/target/classes started by hollton in /Users/hollton/Documents/imoocBack/java-vue)
2025-03-25 10:53:31.060 INFO  com.jiawa.wiki.config.WikiApplication             :652  [32m                  [0;39m No active profile set, falling back to 1 default profile: "default"
2025-03-25 10:53:31.117 INFO  o.s.boot.web.embedded.tomcat.TomcatWebServer      :111  [32m                  [0;39m Tomcat initialized with port 8881 (http)
2025-03-25 10:53:31.118 INFO  org.apache.coyote.http11.Http11NioProtocol        :173  [32m                  [0;39m Initializing ProtocolHandler ["http-nio-8881"]
2025-03-25 10:53:31.118 INFO  org.apache.catalina.core.StandardService          :173  [32m                  [0;39m Starting service [Tomcat]
2025-03-25 10:53:31.118 INFO  org.apache.catalina.core.StandardEngine           :173  [32m                  [0;39m Starting Servlet engine: [Apache Tomcat/10.1.36]
2025-03-25 10:53:31.120 INFO  o.a.c.core.ContainerBase.[Tomcat].[localhost].[/] :173  [32m                  [0;39m Initializing Spring embedded WebApplicationContext
2025-03-25 10:53:31.120 INFO  o.s.b.w.s.c.ServletWebServerApplicationContext    :301  [32m                  [0;39m Root WebApplicationContext: initialization completed in 59 ms
2025-03-25 10:53:31.182 INFO  o.s.b.d.autoconfigure.OptionalLiveReloadServer    :59   [32m                  [0;39m LiveReload server is running on port 35729
2025-03-25 10:53:31.185 INFO  org.apache.coyote.http11.Http11NioProtocol        :173  [32m                  [0;39m Starting ProtocolHandler ["http-nio-8881"]
2025-03-25 10:53:31.186 INFO  o.s.boot.web.embedded.tomcat.TomcatWebServer      :243  [32m                  [0;39m Tomcat started on port 8881 (http) with context path '/'
2025-03-25 10:53:31.187 INFO  com.jiawa.wiki.config.WikiApplication             :59   [32m                  [0;39m Started WikiApplication in 0.137 seconds (process running for 2709.038)
2025-03-25 10:53:31.188 INFO  o.s.b.d.a.ConditionEvaluationDeltaLoggingListener :63   [32m                  [0;39m Condition evaluation unchanged
2025-03-25 10:53:31.188 INFO  com.jiawa.wiki.config.WikiApplication             :26   [32m                  [0;39m 启动成功！！
2025-03-25 10:53:31.188 INFO  com.jiawa.wiki.config.WikiApplication             :27   [32m                  [0;39m 地址: 	http://127.0.0.1:8881
2025-03-25 10:53:44.707 INFO  o.s.b.d.a.LocalDevToolsAutoConfiguration$RestartingClassPathChangeChangedEventListener:211  [32m                  [0;39m Restarting due to 1 class path change (1 addition, 0 deletions, 0 modifications)
2025-03-25 10:53:44.709 INFO  o.s.boot.web.embedded.tomcat.GracefulShutdown     :54   [32m                  [0;39m Commencing graceful shutdown. Waiting for active requests to complete
2025-03-25 10:53:44.710 INFO  org.apache.coyote.http11.Http11NioProtocol        :173  [32m                  [0;39m Pausing ProtocolHandler ["http-nio-8881"]
2025-03-25 10:53:44.712 INFO  o.s.boot.web.embedded.tomcat.GracefulShutdown     :76   [32m                  [0;39m Graceful shutdown complete
2025-03-25 10:53:44.713 INFO  org.apache.coyote.http11.Http11NioProtocol        :173  [32m                  [0;39m Stopping ProtocolHandler ["http-nio-8881"]
2025-03-25 10:53:44.760 INFO  com.jiawa.wiki.config.WikiApplication             :53   [32m                  [0;39m Starting WikiApplication using Java 23.0.2 with PID 7187 (/Users/hollton/Documents/imoocBack/java-vue/target/classes started by hollton in /Users/hollton/Documents/imoocBack/java-vue)
2025-03-25 10:53:44.760 INFO  com.jiawa.wiki.config.WikiApplication             :652  [32m                  [0;39m No active profile set, falling back to 1 default profile: "default"
2025-03-25 10:53:44.817 INFO  o.s.boot.web.embedded.tomcat.TomcatWebServer      :111  [32m                  [0;39m Tomcat initialized with port 8881 (http)
2025-03-25 10:53:44.817 INFO  org.apache.coyote.http11.Http11NioProtocol        :173  [32m                  [0;39m Initializing ProtocolHandler ["http-nio-8881"]
2025-03-25 10:53:44.817 INFO  org.apache.catalina.core.StandardService          :173  [32m                  [0;39m Starting service [Tomcat]
2025-03-25 10:53:44.818 INFO  org.apache.catalina.core.StandardEngine           :173  [32m                  [0;39m Starting Servlet engine: [Apache Tomcat/10.1.36]
2025-03-25 10:53:44.819 INFO  o.a.c.core.ContainerBase.[Tomcat].[localhost].[/] :173  [32m                  [0;39m Initializing Spring embedded WebApplicationContext
2025-03-25 10:53:44.819 INFO  o.s.b.w.s.c.ServletWebServerApplicationContext    :301  [32m                  [0;39m Root WebApplicationContext: initialization completed in 58 ms
2025-03-25 10:53:44.850 WARN  o.s.b.w.s.c.AnnotationConfigServletWebServerApplicationContext:635  [32m                  [0;39m Exception encountered during context initialization - cancelling refresh attempt: org.springframework.beans.factory.BeanCreationException: Error creating bean with name 'requestMappingHandlerMapping' defined in class path resource [org/springframework/boot/autoconfigure/web/servlet/WebMvcAutoConfiguration$EnableWebMvcConfiguration.class]: Ambiguous mapping. Cannot map 'testController' method 
com.jiawa.wiki.controller.TestController#list()
to {GET [/test/list]}: There is already 'demoController' bean method
com.jiawa.wiki.controller.DemoController#list() mapped.
2025-03-25 10:53:44.850 INFO  org.apache.catalina.core.StandardService          :173  [32m                  [0;39m Stopping service [Tomcat]
2025-03-25 10:53:44.852 INFO  o.s.b.a.logging.ConditionEvaluationReportLogger   :82   [32m                  [0;39m 

Error starting ApplicationContext. To display the condition evaluation report re-run your application with 'debug' enabled.
2025-03-25 10:53:44.859 ERROR org.springframework.boot.SpringApplication        :857  [32m                  [0;39m Application run failed
org.springframework.beans.factory.BeanCreationException: Error creating bean with name 'requestMappingHandlerMapping' defined in class path resource [org/springframework/boot/autoconfigure/web/servlet/WebMvcAutoConfiguration$EnableWebMvcConfiguration.class]: Ambiguous mapping. Cannot map 'testController' method 
com.jiawa.wiki.controller.TestController#list()
to {GET [/test/list]}: There is already 'demoController' bean method
com.jiawa.wiki.controller.DemoController#list() mapped.
	at org.springframework.beans.factory.support.AbstractAutowireCapableBeanFactory.initializeBean(AbstractAutowireCapableBeanFactory.java:1812)
	at org.springframework.beans.factory.support.AbstractAutowireCapableBeanFactory.doCreateBean(AbstractAutowireCapableBeanFactory.java:601)
	at org.springframework.beans.factory.support.AbstractAutowireCapableBeanFactory.createBean(AbstractAutowireCapableBeanFactory.java:523)
	at org.springframework.beans.factory.support.AbstractBeanFactory.lambda$doGetBean$0(AbstractBeanFactory.java:339)
	at org.springframework.beans.factory.support.DefaultSingletonBeanRegistry.getSingleton(DefaultSingletonBeanRegistry.java:346)
	at org.springframework.beans.factory.support.AbstractBeanFactory.doGetBean(AbstractBeanFactory.java:337)
	at org.springframework.beans.factory.support.AbstractBeanFactory.getBean(AbstractBeanFactory.java:202)
	at org.springframework.beans.factory.support.DefaultListableBeanFactory.instantiateSingleton(DefaultListableBeanFactory.java:1155)
	at org.springframework.beans.factory.support.DefaultListableBeanFactory.preInstantiateSingleton(DefaultListableBeanFactory.java:1121)
	at org.springframework.beans.factory.support.DefaultListableBeanFactory.preInstantiateSingletons(DefaultListableBeanFactory.java:1056)
	at org.springframework.context.support.AbstractApplicationContext.finishBeanFactoryInitialization(AbstractApplicationContext.java:987)
	at org.springframework.context.support.AbstractApplicationContext.refresh(AbstractApplicationContext.java:627)
	at org.springframework.boot.web.servlet.context.ServletWebServerApplicationContext.refresh(ServletWebServerApplicationContext.java:146)
	at org.springframework.boot.SpringApplication.refresh(SpringApplication.java:752)
	at org.springframework.boot.SpringApplication.refreshContext(SpringApplication.java:439)
	at org.springframework.boot.SpringApplication.run(SpringApplication.java:318)
	at com.jiawa.wiki.config.WikiApplication.main(WikiApplication.java:25)
	at java.base/jdk.internal.reflect.DirectMethodHandleAccessor.invoke(DirectMethodHandleAccessor.java:103)
	at java.base/java.lang.reflect.Method.invoke(Method.java:580)
	at org.springframework.boot.devtools.restart.RestartLauncher.run(RestartLauncher.java:50)
Caused by: java.lang.IllegalStateException: Ambiguous mapping. Cannot map 'testController' method 
com.jiawa.wiki.controller.TestController#list()
to {GET [/test/list]}: There is already 'demoController' bean method
com.jiawa.wiki.controller.DemoController#list() mapped.
	at org.springframework.web.servlet.handler.AbstractHandlerMethodMapping$MappingRegistry.validateMethodMapping(AbstractHandlerMethodMapping.java:676)
	at org.springframework.web.servlet.handler.AbstractHandlerMethodMapping$MappingRegistry.register(AbstractHandlerMethodMapping.java:637)
	at org.springframework.web.servlet.handler.AbstractHandlerMethodMapping.registerHandlerMethod(AbstractHandlerMethodMapping.java:331)
	at org.springframework.web.servlet.mvc.method.annotation.RequestMappingHandlerMapping.registerHandlerMethod(RequestMappingHandlerMapping.java:509)
	at org.springframework.web.servlet.mvc.method.annotation.RequestMappingHandlerMapping.registerHandlerMethod(RequestMappingHandlerMapping.java:84)
	at org.springframework.web.servlet.handler.AbstractHandlerMethodMapping.lambda$detectHandlerMethods$2(AbstractHandlerMethodMapping.java:298)
	at java.base/java.util.LinkedHashMap.forEach(LinkedHashMap.java:987)
	at org.springframework.web.servlet.handler.AbstractHandlerMethodMapping.detectHandlerMethods(AbstractHandlerMethodMapping.java:296)
	at org.springframework.web.servlet.handler.AbstractHandlerMethodMapping.processCandidateBean(AbstractHandlerMethodMapping.java:265)
	at org.springframework.web.servlet.handler.AbstractHandlerMethodMapping.initHandlerMethods(AbstractHandlerMethodMapping.java:224)
	at org.springframework.web.servlet.handler.AbstractHandlerMethodMapping.afterPropertiesSet(AbstractHandlerMethodMapping.java:212)
	at org.springframework.web.servlet.mvc.method.annotation.RequestMappingHandlerMapping.afterPropertiesSet(RequestMappingHandlerMapping.java:239)
	at org.springframework.beans.factory.support.AbstractAutowireCapableBeanFactory.invokeInitMethods(AbstractAutowireCapableBeanFactory.java:1859)
	at org.springframework.beans.factory.support.AbstractAutowireCapableBeanFactory.initializeBean(AbstractAutowireCapableBeanFactory.java:1808)
	... 19 common frames omitted
2025-03-25 10:54:24.629 INFO  com.jiawa.wiki.config.WikiApplication             :53   [32m                  [0;39m Starting WikiApplication using Java 23.0.2 with PID 7187 (/Users/hollton/Documents/imoocBack/java-vue/target/classes started by hollton in /Users/hollton/Documents/imoocBack/java-vue)
2025-03-25 10:54:24.629 INFO  com.jiawa.wiki.config.WikiApplication             :652  [32m                  [0;39m No active profile set, falling back to 1 default profile: "default"
2025-03-25 10:54:24.702 INFO  o.s.boot.web.embedded.tomcat.TomcatWebServer      :111  [32m                  [0;39m Tomcat initialized with port 8881 (http)
2025-03-25 10:54:24.703 INFO  org.apache.coyote.http11.Http11NioProtocol        :173  [32m                  [0;39m Initializing ProtocolHandler ["http-nio-8881"]
2025-03-25 10:54:24.703 INFO  org.apache.catalina.core.StandardService          :173  [32m                  [0;39m Starting service [Tomcat]
2025-03-25 10:54:24.703 INFO  org.apache.catalina.core.StandardEngine           :173  [32m                  [0;39m Starting Servlet engine: [Apache Tomcat/10.1.36]
2025-03-25 10:54:24.705 INFO  o.a.c.c.ContainerBase.[Tomcat-1].[localhost].[/]  :173  [32m                  [0;39m Initializing Spring embedded WebApplicationContext
2025-03-25 10:54:24.705 INFO  o.s.b.w.s.c.ServletWebServerApplicationContext    :301  [32m                  [0;39m Root WebApplicationContext: initialization completed in 75 ms
2025-03-25 10:54:24.735 WARN  o.s.b.w.s.c.AnnotationConfigServletWebServerApplicationContext:635  [32m                  [0;39m Exception encountered during context initialization - cancelling refresh attempt: org.springframework.beans.factory.BeanCreationException: Error creating bean with name 'requestMappingHandlerMapping' defined in class path resource [org/springframework/boot/autoconfigure/web/servlet/WebMvcAutoConfiguration$EnableWebMvcConfiguration.class]: Ambiguous mapping. Cannot map 'testController' method 
com.jiawa.wiki.controller.TestController#helloPost(String)
to {POST [/hello/post]}: There is already 'demoController' bean method
com.jiawa.wiki.controller.DemoController#helloPost(String) mapped.
2025-03-25 10:54:24.738 INFO  org.apache.catalina.core.StandardService          :173  [32m                  [0;39m Stopping service [Tomcat]
2025-03-25 10:54:24.739 INFO  o.s.b.a.logging.ConditionEvaluationReportLogger   :82   [32m                  [0;39m 

Error starting ApplicationContext. To display the condition evaluation report re-run your application with 'debug' enabled.
2025-03-25 10:54:24.742 ERROR org.springframework.boot.SpringApplication        :857  [32m                  [0;39m Application run failed
org.springframework.beans.factory.BeanCreationException: Error creating bean with name 'requestMappingHandlerMapping' defined in class path resource [org/springframework/boot/autoconfigure/web/servlet/WebMvcAutoConfiguration$EnableWebMvcConfiguration.class]: Ambiguous mapping. Cannot map 'testController' method 
com.jiawa.wiki.controller.TestController#helloPost(String)
to {POST [/hello/post]}: There is already 'demoController' bean method
com.jiawa.wiki.controller.DemoController#helloPost(String) mapped.
	at org.springframework.beans.factory.support.AbstractAutowireCapableBeanFactory.initializeBean(AbstractAutowireCapableBeanFactory.java:1812)
	at org.springframework.beans.factory.support.AbstractAutowireCapableBeanFactory.doCreateBean(AbstractAutowireCapableBeanFactory.java:601)
	at org.springframework.beans.factory.support.AbstractAutowireCapableBeanFactory.createBean(AbstractAutowireCapableBeanFactory.java:523)
	at org.springframework.beans.factory.support.AbstractBeanFactory.lambda$doGetBean$0(AbstractBeanFactory.java:339)
	at org.springframework.beans.factory.support.DefaultSingletonBeanRegistry.getSingleton(DefaultSingletonBeanRegistry.java:346)
	at org.springframework.beans.factory.support.AbstractBeanFactory.doGetBean(AbstractBeanFactory.java:337)
	at org.springframework.beans.factory.support.AbstractBeanFactory.getBean(AbstractBeanFactory.java:202)
	at org.springframework.beans.factory.support.DefaultListableBeanFactory.instantiateSingleton(DefaultListableBeanFactory.java:1155)
	at org.springframework.beans.factory.support.DefaultListableBeanFactory.preInstantiateSingleton(DefaultListableBeanFactory.java:1121)
	at org.springframework.beans.factory.support.DefaultListableBeanFactory.preInstantiateSingletons(DefaultListableBeanFactory.java:1056)
	at org.springframework.context.support.AbstractApplicationContext.finishBeanFactoryInitialization(AbstractApplicationContext.java:987)
	at org.springframework.context.support.AbstractApplicationContext.refresh(AbstractApplicationContext.java:627)
	at org.springframework.boot.web.servlet.context.ServletWebServerApplicationContext.refresh(ServletWebServerApplicationContext.java:146)
	at org.springframework.boot.SpringApplication.refresh(SpringApplication.java:752)
	at org.springframework.boot.SpringApplication.refreshContext(SpringApplication.java:439)
	at org.springframework.boot.SpringApplication.run(SpringApplication.java:318)
	at com.jiawa.wiki.config.WikiApplication.main(WikiApplication.java:25)
	at java.base/jdk.internal.reflect.DirectMethodHandleAccessor.invoke(DirectMethodHandleAccessor.java:103)
	at java.base/java.lang.reflect.Method.invoke(Method.java:580)
	at org.springframework.boot.devtools.restart.RestartLauncher.run(RestartLauncher.java:50)
Caused by: java.lang.IllegalStateException: Ambiguous mapping. Cannot map 'testController' method 
com.jiawa.wiki.controller.TestController#helloPost(String)
to {POST [/hello/post]}: There is already 'demoController' bean method
com.jiawa.wiki.controller.DemoController#helloPost(String) mapped.
	at org.springframework.web.servlet.handler.AbstractHandlerMethodMapping$MappingRegistry.validateMethodMapping(AbstractHandlerMethodMapping.java:676)
	at org.springframework.web.servlet.handler.AbstractHandlerMethodMapping$MappingRegistry.register(AbstractHandlerMethodMapping.java:637)
	at org.springframework.web.servlet.handler.AbstractHandlerMethodMapping.registerHandlerMethod(AbstractHandlerMethodMapping.java:331)
	at org.springframework.web.servlet.mvc.method.annotation.RequestMappingHandlerMapping.registerHandlerMethod(RequestMappingHandlerMapping.java:509)
	at org.springframework.web.servlet.mvc.method.annotation.RequestMappingHandlerMapping.registerHandlerMethod(RequestMappingHandlerMapping.java:84)
	at org.springframework.web.servlet.handler.AbstractHandlerMethodMapping.lambda$detectHandlerMethods$2(AbstractHandlerMethodMapping.java:298)
	at java.base/java.util.LinkedHashMap.forEach(LinkedHashMap.java:987)
	at org.springframework.web.servlet.handler.AbstractHandlerMethodMapping.detectHandlerMethods(AbstractHandlerMethodMapping.java:296)
	at org.springframework.web.servlet.handler.AbstractHandlerMethodMapping.processCandidateBean(AbstractHandlerMethodMapping.java:265)
	at org.springframework.web.servlet.handler.AbstractHandlerMethodMapping.initHandlerMethods(AbstractHandlerMethodMapping.java:224)
	at org.springframework.web.servlet.handler.AbstractHandlerMethodMapping.afterPropertiesSet(AbstractHandlerMethodMapping.java:212)
	at org.springframework.web.servlet.mvc.method.annotation.RequestMappingHandlerMapping.afterPropertiesSet(RequestMappingHandlerMapping.java:239)
	at org.springframework.beans.factory.support.AbstractAutowireCapableBeanFactory.invokeInitMethods(AbstractAutowireCapableBeanFactory.java:1859)
	at org.springframework.beans.factory.support.AbstractAutowireCapableBeanFactory.initializeBean(AbstractAutowireCapableBeanFactory.java:1808)
	... 19 common frames omitted
2025-03-25 10:55:00.473 INFO  com.jiawa.wiki.config.WikiApplication             :53   [32m                  [0;39m Starting WikiApplication using Java 23.0.2 with PID 7187 (/Users/hollton/Documents/imoocBack/java-vue/target/classes started by hollton in /Users/hollton/Documents/imoocBack/java-vue)
2025-03-25 10:55:00.473 INFO  com.jiawa.wiki.config.WikiApplication             :652  [32m                  [0;39m No active profile set, falling back to 1 default profile: "default"
2025-03-25 10:55:00.537 INFO  o.s.boot.web.embedded.tomcat.TomcatWebServer      :111  [32m                  [0;39m Tomcat initialized with port 8881 (http)
2025-03-25 10:55:00.537 INFO  org.apache.coyote.http11.Http11NioProtocol        :173  [32m                  [0;39m Initializing ProtocolHandler ["http-nio-8881"]
2025-03-25 10:55:00.537 INFO  org.apache.catalina.core.StandardService          :173  [32m                  [0;39m Starting service [Tomcat]
2025-03-25 10:55:00.537 INFO  org.apache.catalina.core.StandardEngine           :173  [32m                  [0;39m Starting Servlet engine: [Apache Tomcat/10.1.36]
2025-03-25 10:55:00.540 INFO  o.a.c.c.ContainerBase.[Tomcat-2].[localhost].[/]  :173  [32m                  [0;39m Initializing Spring embedded WebApplicationContext
2025-03-25 10:55:00.540 INFO  o.s.b.w.s.c.ServletWebServerApplicationContext    :301  [32m                  [0;39m Root WebApplicationContext: initialization completed in 66 ms
2025-03-25 10:55:00.601 INFO  o.s.b.d.autoconfigure.OptionalLiveReloadServer    :59   [32m                  [0;39m LiveReload server is running on port 35729
2025-03-25 10:55:00.603 INFO  org.apache.coyote.http11.Http11NioProtocol        :173  [32m                  [0;39m Starting ProtocolHandler ["http-nio-8881"]
2025-03-25 10:55:00.604 INFO  o.s.boot.web.embedded.tomcat.TomcatWebServer      :243  [32m                  [0;39m Tomcat started on port 8881 (http) with context path '/'
2025-03-25 10:55:00.605 INFO  com.jiawa.wiki.config.WikiApplication             :59   [32m                  [0;39m Started WikiApplication in 0.142 seconds (process running for 2798.457)
2025-03-25 10:55:00.606 INFO  o.s.b.d.a.ConditionEvaluationDeltaLoggingListener :63   [32m                  [0;39m Condition evaluation unchanged
2025-03-25 10:55:00.606 INFO  com.jiawa.wiki.config.WikiApplication             :26   [32m                  [0;39m 启动成功！！
2025-03-25 10:55:00.606 INFO  com.jiawa.wiki.config.WikiApplication             :27   [32m                  [0;39m 地址: 	http://127.0.0.1:8881
2025-03-25 10:55:26.189 INFO  o.s.boot.web.embedded.tomcat.GracefulShutdown     :54   [32m                  [0;39m Commencing graceful shutdown. Waiting for active requests to complete
2025-03-25 10:55:26.190 INFO  o.s.boot.web.embedded.tomcat.GracefulShutdown     :76   [32m                  [0;39m Graceful shutdown complete
2025-03-25 10:55:27.139 INFO  com.jiawa.wiki.config.WikiApplication             :53   [32m                  [0;39m Starting WikiApplication using Java 23.0.2 with PID 8705 (/Users/hollton/Documents/imoocBack/java-vue/target/classes started by hollton in /Users/hollton/Documents/imoocBack/java-vue)
2025-03-25 10:55:27.140 INFO  com.jiawa.wiki.config.WikiApplication             :652  [32m                  [0;39m No active profile set, falling back to 1 default profile: "default"
2025-03-25 10:55:27.160 INFO  o.s.b.d.env.DevToolsPropertyDefaultsPostProcessor :252  [32m                  [0;39m Devtools property defaults active! Set 'spring.devtools.add-properties' to 'false' to disable
2025-03-25 10:55:27.160 INFO  o.s.b.d.env.DevToolsPropertyDefaultsPostProcessor :252  [32m                  [0;39m For additional web related logging consider setting the 'logging.level.web' property to 'DEBUG'
2025-03-25 10:55:27.483 INFO  o.s.boot.web.embedded.tomcat.TomcatWebServer      :111  [32m                  [0;39m Tomcat initialized with port 8881 (http)
2025-03-25 10:55:27.488 INFO  org.apache.coyote.http11.Http11NioProtocol        :173  [32m                  [0;39m Initializing ProtocolHandler ["http-nio-8881"]
2025-03-25 10:55:27.488 INFO  org.apache.catalina.core.StandardService          :173  [32m                  [0;39m Starting service [Tomcat]
2025-03-25 10:55:27.488 INFO  org.apache.catalina.core.StandardEngine           :173  [32m                  [0;39m Starting Servlet engine: [Apache Tomcat/10.1.36]
2025-03-25 10:55:27.499 INFO  o.a.c.core.ContainerBase.[Tomcat].[localhost].[/] :173  [32m                  [0;39m Initializing Spring embedded WebApplicationContext
2025-03-25 10:55:27.499 INFO  o.s.b.w.s.c.ServletWebServerApplicationContext    :301  [32m                  [0;39m Root WebApplicationContext: initialization completed in 339 ms
2025-03-25 10:55:27.707 INFO  o.s.b.d.autoconfigure.OptionalLiveReloadServer    :59   [32m                  [0;39m LiveReload server is running on port 35729
2025-03-25 10:55:27.713 INFO  org.apache.coyote.http11.Http11NioProtocol        :173  [32m                  [0;39m Starting ProtocolHandler ["http-nio-8881"]
2025-03-25 10:55:27.718 INFO  o.s.boot.web.embedded.tomcat.TomcatWebServer      :243  [32m                  [0;39m Tomcat started on port 8881 (http) with context path '/'
2025-03-25 10:55:27.722 INFO  com.jiawa.wiki.config.WikiApplication             :59   [32m                  [0;39m Started WikiApplication in 0.746 seconds (process running for 0.955)
2025-03-25 10:55:27.723 INFO  com.jiawa.wiki.config.WikiApplication             :26   [32m                  [0;39m 启动成功！！
2025-03-25 10:55:27.723 INFO  com.jiawa.wiki.config.WikiApplication             :27   [32m                  [0;39m 地址: 	http://127.0.0.1:8881
2025-03-25 10:55:34.638 INFO  o.a.c.core.ContainerBase.[Tomcat].[localhost].[/] :173  [32m                  [0;39m Initializing Spring DispatcherServlet 'dispatcherServlet'
2025-03-25 10:55:34.638 INFO  org.springframework.web.servlet.DispatcherServlet :532  [32m                  [0;39m Initializing Servlet 'dispatcherServlet'
2025-03-25 10:55:34.639 INFO  org.springframework.web.servlet.DispatcherServlet :554  [32m                  [0;39m Completed initialization in 1 ms
2025-03-25 10:55:34.660 INFO  com.zaxxer.hikari.HikariDataSource                :109  [32m                  [0;39m HikariPool-1 - Starting...
2025-03-25 10:55:34.782 INFO  com.zaxxer.hikari.pool.HikariPool                 :554  [32m                  [0;39m HikariPool-1 - Added connection com.mysql.cj.jdbc.ConnectionImpl@d1a88aa
2025-03-25 10:55:34.783 INFO  com.zaxxer.hikari.HikariDataSource                :122  [32m                  [0;39m HikariPool-1 - Start completed.
2025-03-25 11:01:51.344 INFO  o.s.boot.web.embedded.tomcat.GracefulShutdown     :54   [32m                  [0;39m Commencing graceful shutdown. Waiting for active requests to complete
2025-03-25 11:01:51.347 INFO  o.s.boot.web.embedded.tomcat.GracefulShutdown     :76   [32m                  [0;39m Graceful shutdown complete
2025-03-25 11:01:51.349 INFO  com.zaxxer.hikari.HikariDataSource                :349  [32m                  [0;39m HikariPool-1 - Shutdown initiated...
2025-03-25 11:01:51.355 INFO  com.zaxxer.hikari.HikariDataSource                :351  [32m                  [0;39m HikariPool-1 - Shutdown completed.
2025-03-25 11:01:52.623 INFO  com.jiawa.wiki.config.WikiApplication             :53   [32m                  [0;39m Starting WikiApplication using Java 23.0.2 with PID 8850 (/Users/hollton/Documents/imoocBack/java-vue/target/classes started by hollton in /Users/hollton/Documents/imoocBack/java-vue)
2025-03-25 11:01:52.623 INFO  com.jiawa.wiki.config.WikiApplication             :652  [32m                  [0;39m No active profile set, falling back to 1 default profile: "default"
2025-03-25 11:01:52.642 INFO  o.s.b.d.env.DevToolsPropertyDefaultsPostProcessor :252  [32m                  [0;39m Devtools property defaults active! Set 'spring.devtools.add-properties' to 'false' to disable
2025-03-25 11:01:52.642 INFO  o.s.b.d.env.DevToolsPropertyDefaultsPostProcessor :252  [32m                  [0;39m For additional web related logging consider setting the 'logging.level.web' property to 'DEBUG'
2025-03-25 11:01:52.959 INFO  o.s.boot.web.embedded.tomcat.TomcatWebServer      :111  [32m                  [0;39m Tomcat initialized with port 8881 (http)
2025-03-25 11:01:52.964 INFO  org.apache.coyote.http11.Http11NioProtocol        :173  [32m                  [0;39m Initializing ProtocolHandler ["http-nio-8881"]
2025-03-25 11:01:52.964 INFO  org.apache.catalina.core.StandardService          :173  [32m                  [0;39m Starting service [Tomcat]
2025-03-25 11:01:52.964 INFO  org.apache.catalina.core.StandardEngine           :173  [32m                  [0;39m Starting Servlet engine: [Apache Tomcat/10.1.36]
2025-03-25 11:01:52.974 INFO  o.a.c.core.ContainerBase.[Tomcat].[localhost].[/] :173  [32m                  [0;39m Initializing Spring embedded WebApplicationContext
2025-03-25 11:01:52.975 INFO  o.s.b.w.s.c.ServletWebServerApplicationContext    :301  [32m                  [0;39m Root WebApplicationContext: initialization completed in 332 ms
2025-03-25 11:01:53.184 INFO  o.s.b.d.autoconfigure.OptionalLiveReloadServer    :59   [32m                  [0;39m LiveReload server is running on port 35729
2025-03-25 11:01:53.190 INFO  org.apache.coyote.http11.Http11NioProtocol        :173  [32m                  [0;39m Starting ProtocolHandler ["http-nio-8881"]
2025-03-25 11:01:53.195 INFO  o.s.boot.web.embedded.tomcat.TomcatWebServer      :243  [32m                  [0;39m Tomcat started on port 8881 (http) with context path '/'
2025-03-25 11:01:53.199 INFO  com.jiawa.wiki.config.WikiApplication             :59   [32m                  [0;39m Started WikiApplication in 0.738 seconds (process running for 0.938)
2025-03-25 11:01:53.200 INFO  com.jiawa.wiki.config.WikiApplication             :26   [32m                  [0;39m 启动成功！！
2025-03-25 11:01:53.200 INFO  com.jiawa.wiki.config.WikiApplication             :27   [32m                  [0;39m 地址: 	http://127.0.0.1:8881
2025-03-25 11:02:00.645 INFO  o.a.c.core.ContainerBase.[Tomcat].[localhost].[/] :173  [32m                  [0;39m Initializing Spring DispatcherServlet 'dispatcherServlet'
2025-03-25 11:02:00.645 INFO  org.springframework.web.servlet.DispatcherServlet :532  [32m                  [0;39m Initializing Servlet 'dispatcherServlet'
2025-03-25 11:02:00.646 INFO  org.springframework.web.servlet.DispatcherServlet :554  [32m                  [0;39m Completed initialization in 1 ms
2025-03-25 11:02:00.667 INFO  com.zaxxer.hikari.HikariDataSource                :109  [32m                  [0;39m HikariPool-1 - Starting...
2025-03-25 11:02:00.788 INFO  com.zaxxer.hikari.pool.HikariPool                 :554  [32m                  [0;39m HikariPool-1 - Added connection com.mysql.cj.jdbc.ConnectionImpl@7bc2ce44
2025-03-25 11:02:00.789 INFO  com.zaxxer.hikari.HikariDataSource                :122  [32m                  [0;39m HikariPool-1 - Start completed.
